{
  "RSpec": {
    "coverage": {
      "/Users/hemalatharamachandran/SELT_REPOS/selt18project-g006/app/models/user.rb": [
        null,
        null,
        1,
        null,
        null,
        1,
        null,
        1,
        null,
        null
      ],
      "/Users/hemalatharamachandran/SELT_REPOS/selt18project-g006/app/helpers/application_helper.rb": [
        1,
        1,
        0,
        null,
        null
      ],
      "/Users/hemalatharamachandran/SELT_REPOS/selt18project-g006/app/controllers/leaderboard_controller.rb": [
        null,
        null,
        1,
        null,
        1,
        2,
        null,
        null
      ],
      "/Users/hemalatharamachandran/SELT_REPOS/selt18project-g006/app/controllers/application_controller.rb": [
        1,
        1,
        null,
        null,
        1,
        null,
        null,
        1,
        0,
        0,
        null,
        0,
        null,
        null,
        null,
        null,
        1,
        0,
        null,
        null
      ],
      "/Users/hemalatharamachandran/SELT_REPOS/selt18project-g006/app/controllers/questions_controller.rb": [
        null,
        null,
        1,
        null,
        1,
        4,
        0,
        null,
        4,
        3,
        null,
        4,
        4,
        0,
        0,
        0,
        0,
        0,
        null,
        null,
        4,
        4,
        4,
        1,
        1,
        null,
        null,
        4,
        4,
        null,
        0,
        null,
        4,
        2,
        2,
        1,
        1,
        null,
        0,
        null,
        1,
        1,
        1,
        null,
        0,
        0,
        null,
        null,
        1,
        null,
        4,
        0,
        0,
        null,
        4,
        4,
        4,
        4,
        4,
        null,
        null,
        null,
        1,
        null,
        null,
        null,
        1,
        10,
        10,
        10,
        10,
        6,
        42,
        7,
        null,
        null,
        6,
        1,
        null,
        5,
        null,
        6,
        null,
        4,
        4,
        3,
        3,
        null,
        1,
        1,
        null,
        null,
        10,
        null,
        null,
        null,
        1,
        6,
        6,
        6,
        6,
        17,
        1,
        1,
        null,
        5,
        5,
        1,
        0,
        0,
        null,
        1,
        null,
        4,
        0,
        0,
        null,
        4,
        null,
        5,
        null,
        null,
        null,
        1,
        1,
        1,
        1,
        1,
        null,
        null
      ],
      "/Users/hemalatharamachandran/SELT_REPOS/selt18project-g006/app/models/leaderboard.rb": [
        null,
        null,
        null,
        1,
        null,
        1,
        2,
        2,
        2,
        4,
        4,
        null,
        2,
        null,
        null,
        null,
        null,
        null,
        null
      ],
      "/Users/hemalatharamachandran/SELT_REPOS/selt18project-g006/app/models/question.rb": [
        null,
        null,
        1,
        1,
        1,
        1,
        1,
        1,
        1,
        1,
        1,
        null,
        1,
        2,
        2,
        2,
        2,
        2,
        2,
        2,
        2,
        null,
        null,
        1,
        2,
        2,
        2,
        2,
        2,
        1,
        null,
        1,
        null,
        2,
        null,
        null,
        1,
        6,
        6,
        2,
        4,
        2,
        null,
        2,
        null,
        null,
        null,
        1,
        6,
        6,
        1,
        1,
        1,
        1,
        1,
        null,
        null,
        null,
        null,
        1,
        1,
        1,
        1,
        1,
        1,
        null,
        null,
        null,
        null,
        null,
        null
      ],
      "/Users/hemalatharamachandran/SELT_REPOS/selt18project-g006/app/controllers/welcome_controller.rb": [
        0,
        0,
        null,
        0,
        0,
        0,
        0,
        0,
        0,
        0
      ],
      "/Users/hemalatharamachandran/SELT_REPOS/selt18project-g006/app/controllers/DeviseController/passwords_controller.rb": [
        null,
        null,
        0,
        null,
        null,
        null,
        null,
        null,
        null,
        null,
        null,
        null,
        null,
        null,
        null,
        null,
        null,
        null,
        null,
        null,
        null,
        null,
        null,
        null,
        null,
        null,
        null,
        null,
        null,
        null,
        null,
        null,
        null,
        0
      ],
      "/Users/hemalatharamachandran/SELT_REPOS/selt18project-g006/app/controllers/DeviseController/sessions_controller.rb": [
        null,
        null,
        0,
        null,
        null,
        null,
        null,
        null,
        null,
        null,
        null,
        null,
        null,
        null,
        null,
        null,
        null,
        null,
        null,
        null,
        null,
        null,
        null,
        null,
        null,
        null,
        null,
        null,
        null,
        0
      ],
      "/Users/hemalatharamachandran/SELT_REPOS/selt18project-g006/app/controllers/DeviseController/registrations_controller.rb": [
        null,
        null,
        0,
        0,
        0,
        0,
        null,
        null,
        null,
        null,
        null,
        null,
        null,
        null,
        null,
        null,
        null,
        null,
        null,
        null,
        null,
        null,
        null,
        null,
        null,
        null,
        null,
        null,
        null,
        null,
        null,
        null,
        null,
        null,
        null,
        null,
        null,
        null,
        null,
        null,
        null,
        null,
        null,
        null,
        null,
        null,
        null,
        null,
        null,
        null,
        null,
        null,
        null,
        null,
        null,
        null,
        null,
        null,
        null,
        null,
        null,
        null,
        null,
        null,
        null,
        0
      ]
    },
    "timestamp": 1543767427
  },
  "Cucumber Features": {
    "coverage": {
      "/Users/hemalatharamachandran/SELT_REPOS/selt18project-g006/app/models/question.rb": [
        null,
        null,
        1,
        1,
        1,
        1,
        1,
        1,
        1,
        1,
        1,
        null,
        1,
        2,
        2,
        2,
        2,
        2,
        2,
        2,
        2,
        null,
        null,
        1,
        2,
        2,
        2,
        2,
        2,
        1,
        null,
        1,
        null,
        2,
        null,
        null,
        1,
        0,
        0,
        0,
        0,
        0,
        null,
        0,
        null,
        null,
        null,
        1,
        116,
        116,
        2,
        2,
        2,
        2,
        2,
        null,
        null,
        null,
        null,
        1,
        2,
        2,
        2,
        2,
        2,
        null,
        null,
        null,
        null,
        null,
        null
      ],
      "/Users/hemalatharamachandran/SELT_REPOS/selt18project-g006/app/controllers/questions_controller.rb": [
        null,
        null,
        1,
        null,
        1,
        46,
        0,
        null,
        46,
        25,
        null,
        46,
        46,
        3,
        3,
        2,
        2,
        2,
        null,
        null,
        43,
        23,
        23,
        0,
        0,
        null,
        null,
        43,
        43,
        null,
        0,
        null,
        43,
        25,
        18,
        9,
        9,
        null,
        0,
        null,
        9,
        0,
        0,
        null,
        9,
        9,
        null,
        null,
        9,
        null,
        43,
        20,
        20,
        null,
        43,
        43,
        43,
        43,
        43,
        null,
        null,
        null,
        1,
        null,
        null,
        null,
        1,
        11,
        11,
        11,
        11,
        9,
        63,
        19,
        null,
        null,
        9,
        2,
        null,
        7,
        null,
        9,
        null,
        2,
        2,
        1,
        1,
        null,
        1,
        1,
        null,
        null,
        11,
        null,
        null,
        null,
        1,
        3,
        3,
        3,
        3,
        9,
        1,
        1,
        null,
        2,
        2,
        1,
        0,
        0,
        null,
        1,
        null,
        1,
        0,
        0,
        null,
        1,
        null,
        2,
        null,
        null,
        null,
        1,
        0,
        0,
        0,
        0,
        null,
        null
      ],
      "/Users/hemalatharamachandran/SELT_REPOS/selt18project-g006/app/controllers/application_controller.rb": [
        1,
        1,
        null,
        null,
        1,
        null,
        null,
        1,
        21,
        3,
        null,
        18,
        null,
        null,
        null,
        null,
        1,
        64,
        null,
        null
      ],
      "/Users/hemalatharamachandran/SELT_REPOS/selt18project-g006/app/helpers/application_helper.rb": [
        1,
        1,
        46,
        null,
        null
      ],
      "/Users/hemalatharamachandran/SELT_REPOS/selt18project-g006/app/controllers/welcome_controller.rb": [
        1,
        1,
        null,
        null,
        1,
        20,
        0,
        null,
        null,
        null
      ],
      "/Users/hemalatharamachandran/SELT_REPOS/selt18project-g006/app/models/leaderboard.rb": [
        null,
        null,
        null,
        1,
        null,
        1,
        0,
        0,
        0,
        0,
        0,
        null,
        0,
        null,
        null,
        null,
        null,
        null,
        null
      ],
      "/Users/hemalatharamachandran/SELT_REPOS/selt18project-g006/app/controllers/leaderboard_controller.rb": [
        null,
        null,
        1,
        null,
        1,
        0,
        null,
        null
      ],
      "/Users/hemalatharamachandran/SELT_REPOS/selt18project-g006/app/models/user.rb": [
        null,
        null,
        0,
        null,
        null,
        0,
        0,
        0,
        null,
        0
      ],
      "/Users/hemalatharamachandran/SELT_REPOS/selt18project-g006/app/controllers/DeviseController/passwords_controller.rb": [
        null,
        null,
        0,
        null,
        null,
        null,
        null,
        null,
        null,
        null,
        null,
        null,
        null,
        null,
        null,
        null,
        null,
        null,
        null,
        null,
        null,
        null,
        null,
        null,
        null,
        null,
        null,
        null,
        null,
        null,
        null,
        null,
        null,
        0
      ],
      "/Users/hemalatharamachandran/SELT_REPOS/selt18project-g006/app/controllers/DeviseController/sessions_controller.rb": [
        null,
        null,
        0,
        null,
        null,
        null,
        null,
        null,
        null,
        null,
        null,
        null,
        null,
        null,
        null,
        null,
        null,
        null,
        null,
        null,
        null,
        null,
        null,
        null,
        null,
        null,
        null,
        null,
        null,
        0
      ],
      "/Users/hemalatharamachandran/SELT_REPOS/selt18project-g006/app/controllers/DeviseController/registrations_controller.rb": [
        null,
        null,
        0,
        0,
        0,
        0,
        null,
        null,
        null,
        null,
        null,
        null,
        null,
        null,
        null,
        null,
        null,
        null,
        null,
        null,
        null,
        null,
        null,
        null,
        null,
        null,
        null,
        null,
        null,
        null,
        null,
        null,
        null,
        null,
        null,
        null,
        null,
        null,
        null,
        null,
        null,
        null,
        null,
        null,
        null,
        null,
        null,
        null,
        null,
        null,
        null,
        null,
        null,
        null,
        null,
        null,
        null,
        null,
        null,
        null,
        null,
        null,
        null,
        null,
        null,
        0
      ]
    },
    "timestamp": 1543767443
  }
}
