{
  "RSpec": {
    "coverage": {
      "/mnt/c/Home/SELT_REPOS/selt18project-g006/app/models/user.rb": [
        null,
        null,
        1,
        null,
        null,
        1,
        null,
        1,
        null
      ],
      "/mnt/c/Home/SELT_REPOS/selt18project-g006/app/helpers/application_helper.rb": [
        1,
        null
      ],
      "/mnt/c/Home/SELT_REPOS/selt18project-g006/app/controllers/questions_controller.rb": [
        null,
        null,
        1,
        null,
        1,
        4,
        3,
        null,
        4,
        4,
        0,
        0,
        0,
        0,
        null,
        null,
        4,
        4,
        4,
        1,
        1,
        null,
        null,
        4,
        4,
        2,
        2,
        1,
        1,
        1,
        null,
        1,
        null,
        0,
        0,
        null,
        null,
        1,
        null,
        4,
        4,
        4,
        4,
        null,
        null,
        null,
        1,
        null,
        null,
        null,
        1,
        9,
        9,
        9,
        3,
        3,
        6,
        6,
        6,
        10,
        1,
        0,
        null,
        1,
        null,
        6,
        6,
        null,
        null,
        null,
        1,
        6,
        6,
        6,
        6,
        17,
        1,
        1,
        null,
        5,
        5,
        1,
        null,
        4,
        null,
        5,
        null,
        null,
        null,
        1,
        1,
        1,
        1,
        null,
        null
      ],
      "/mnt/c/Home/SELT_REPOS/selt18project-g006/app/controllers/application_controller.rb": [
        1,
        1,
        null,
        null,
        1,
        null,
        1,
        1,
        0,
        0,
        null,
        null,
        null,
        null,
        null,
        1,
        0,
        null,
        null,
        1,
        0,
        0,
        null,
        null,
        1,
        0,
        null,
        null,
        null,
        null,
        null
      ],
      "/mnt/c/Home/SELT_REPOS/selt18project-g006/app/models/question.rb": [
        null,
        null,
        1,
        1,
        1,
        1,
        1,
        1,
        1,
        null,
        1,
        7,
        7,
        7,
        7,
        7,
        7,
        7,
        null,
        null,
        1,
        2,
        2,
        2,
        2,
        2,
        1,
        null,
        1,
        null,
        2,
        null,
        null,
        null
      ],
      "/mnt/c/Home/SELT_REPOS/selt18project-g006/app/controllers/DeviseController/confirmations_controller.rb": [
        null,
        null,
        0,
        null,
        null,
        null,
        null,
        null,
        null,
        null,
        null,
        null,
        null,
        null,
        null,
        null,
        null,
        null,
        null,
        null,
        null,
        null,
        null,
        null,
        null,
        null,
        null,
        null,
        null,
        0
      ],
      "/mnt/c/Home/SELT_REPOS/selt18project-g006/app/controllers/DeviseController/omniauth_callbacks_controller.rb": [
        null,
        null,
        0,
        null,
        null,
        null,
        null,
        null,
        null,
        null,
        null,
        null,
        null,
        null,
        null,
        null,
        null,
        null,
        null,
        null,
        null,
        null,
        null,
        null,
        null,
        null,
        null,
        null,
        null,
        0
      ],
      "/mnt/c/Home/SELT_REPOS/selt18project-g006/app/controllers/DeviseController/passwords_controller.rb": [
        null,
        null,
        0,
        null,
        null,
        null,
        null,
        null,
        null,
        null,
        null,
        null,
        null,
        null,
        null,
        null,
        null,
        null,
        null,
        null,
        null,
        null,
        null,
        null,
        null,
        null,
        null,
        null,
        null,
        null,
        null,
        null,
        null,
        0
      ],
      "/mnt/c/Home/SELT_REPOS/selt18project-g006/app/controllers/DeviseController/registrations_controller.rb": [
        null,
        null,
        0,
        0,
        0,
        0,
        null,
        null,
        null,
        null,
        null,
        null,
        null,
        null,
        null,
        null,
        null,
        null,
        null,
        null,
        null,
        null,
        null,
        null,
        null,
        null,
        null,
        null,
        null,
        null,
        null,
        null,
        null,
        null,
        null,
        null,
        null,
        null,
        null,
        null,
        null,
        null,
        null,
        null,
        null,
        null,
        null,
        null,
        null,
        null,
        null,
        null,
        null,
        null,
        null,
        null,
        null,
        null,
        null,
        null,
        null,
        null,
        null,
        null,
        null,
        0
      ],
      "/mnt/c/Home/SELT_REPOS/selt18project-g006/app/controllers/DeviseController/sessions_controller.rb": [
        null,
        null,
        0,
        null,
        null,
        null,
        null,
        null,
        null,
        null,
        null,
        null,
        null,
        null,
        null,
        null,
        null,
        null,
        null,
        null,
        null,
        null,
        null,
        null,
        null,
        null,
        null,
        null,
        null,
        0
      ],
      "/mnt/c/Home/SELT_REPOS/selt18project-g006/app/controllers/DeviseController/unlocks_controller.rb": [
        null,
        null,
        0,
        null,
        null,
        null,
        null,
        null,
        null,
        null,
        null,
        null,
        null,
        null,
        null,
        null,
        null,
        null,
        null,
        null,
        null,
        null,
        null,
        null,
        null,
        null,
        null,
        null,
        null,
        0
      ],
      "/mnt/c/Home/SELT_REPOS/selt18project-g006/app/controllers/welcome_controller.rb": [
        0,
        0,
        null,
        0,
        0
      ]
    },
    "timestamp": 1542310352
  },
  "Cucumber Features": {
    "coverage": {
      "/mnt/c/Home/SELT_REPOS/selt18project-g006/app/models/question.rb": [
        null,
        null,
        1,
        1,
        1,
        1,
        1,
        1,
        1,
        null,
        1,
        7,
        7,
        7,
        7,
        7,
        7,
        7,
        null,
        null,
        1,
        2,
        2,
        2,
        2,
        2,
        1,
        null,
        1,
        null,
        2,
        null,
        null,
        null
      ],
      "/mnt/c/Home/SELT_REPOS/selt18project-g006/app/controllers/questions_controller.rb": [
        null,
        null,
        1,
        null,
        1,
        36,
        20,
        null,
        36,
        36,
        2,
        2,
        2,
        2,
        null,
        null,
        34,
        18,
        18,
        0,
        0,
        null,
        null,
        34,
        34,
        20,
        14,
        7,
        7,
        0,
        null,
        0,
        null,
        7,
        7,
        null,
        null,
        7,
        null,
        34,
        34,
        34,
        34,
        null,
        null,
        null,
        1,
        null,
        null,
        null,
        1,
        7,
        7,
        7,
        1,
        1,
        6,
        6,
        6,
        10,
        1,
        0,
        null,
        1,
        null,
        6,
        6,
        null,
        null,
        null,
        1,
        2,
        2,
        2,
        2,
        6,
        0,
        0,
        null,
        2,
        2,
        1,
        null,
        1,
        null,
        2,
        null,
        null,
        null,
        1,
        0,
        0,
        0,
        null,
        null
      ],
      "/mnt/c/Home/SELT_REPOS/selt18project-g006/app/controllers/application_controller.rb": [
        1,
        1,
        null,
        null,
        1,
        null,
        1,
        1,
        0,
        0,
        null,
        null,
        null,
        null,
        null,
        1,
        14,
        null,
        null,
        1,
        0,
        0,
        null,
        null,
        1,
        46,
        null,
        null,
        null,
        null,
        null
      ],
      "/mnt/c/Home/SELT_REPOS/selt18project-g006/app/helpers/application_helper.rb": [
        1,
        null
      ],
      "/mnt/c/Home/SELT_REPOS/selt18project-g006/app/controllers/welcome_controller.rb": [
        1,
        1,
        null,
        null,
        null
      ],
      "/mnt/c/Home/SELT_REPOS/selt18project-g006/app/controllers/DeviseController/confirmations_controller.rb": [
        null,
        null,
        0,
        null,
        null,
        null,
        null,
        null,
        null,
        null,
        null,
        null,
        null,
        null,
        null,
        null,
        null,
        null,
        null,
        null,
        null,
        null,
        null,
        null,
        null,
        null,
        null,
        null,
        null,
        0
      ],
      "/mnt/c/Home/SELT_REPOS/selt18project-g006/app/controllers/DeviseController/omniauth_callbacks_controller.rb": [
        null,
        null,
        0,
        null,
        null,
        null,
        null,
        null,
        null,
        null,
        null,
        null,
        null,
        null,
        null,
        null,
        null,
        null,
        null,
        null,
        null,
        null,
        null,
        null,
        null,
        null,
        null,
        null,
        null,
        0
      ],
      "/mnt/c/Home/SELT_REPOS/selt18project-g006/app/controllers/DeviseController/passwords_controller.rb": [
        null,
        null,
        0,
        null,
        null,
        null,
        null,
        null,
        null,
        null,
        null,
        null,
        null,
        null,
        null,
        null,
        null,
        null,
        null,
        null,
        null,
        null,
        null,
        null,
        null,
        null,
        null,
        null,
        null,
        null,
        null,
        null,
        null,
        0
      ],
      "/mnt/c/Home/SELT_REPOS/selt18project-g006/app/controllers/DeviseController/registrations_controller.rb": [
        null,
        null,
        0,
        0,
        0,
        0,
        null,
        null,
        null,
        null,
        null,
        null,
        null,
        null,
        null,
        null,
        null,
        null,
        null,
        null,
        null,
        null,
        null,
        null,
        null,
        null,
        null,
        null,
        null,
        null,
        null,
        null,
        null,
        null,
        null,
        null,
        null,
        null,
        null,
        null,
        null,
        null,
        null,
        null,
        null,
        null,
        null,
        null,
        null,
        null,
        null,
        null,
        null,
        null,
        null,
        null,
        null,
        null,
        null,
        null,
        null,
        null,
        null,
        null,
        null,
        0
      ],
      "/mnt/c/Home/SELT_REPOS/selt18project-g006/app/controllers/DeviseController/sessions_controller.rb": [
        null,
        null,
        0,
        null,
        null,
        null,
        null,
        null,
        null,
        null,
        null,
        null,
        null,
        null,
        null,
        null,
        null,
        null,
        null,
        null,
        null,
        null,
        null,
        null,
        null,
        null,
        null,
        null,
        null,
        0
      ],
      "/mnt/c/Home/SELT_REPOS/selt18project-g006/app/controllers/DeviseController/unlocks_controller.rb": [
        null,
        null,
        0,
        null,
        null,
        null,
        null,
        null,
        null,
        null,
        null,
        null,
        null,
        null,
        null,
        null,
        null,
        null,
        null,
        null,
        null,
        null,
        null,
        null,
        null,
        null,
        null,
        null,
        null,
        0
      ],
      "/mnt/c/Home/SELT_REPOS/selt18project-g006/app/models/user.rb": [
        null,
        null,
        0,
        null,
        null,
        0,
        0,
        0,
        0
      ]
    },
    "timestamp": 1542305173
  }
}
