{
  "RSpec": {
    "coverage": {
      "/Users/kaiwen/repositories/SELT/selt18project-g006/app/models/user.rb": [
        null,
        null,
        1,
        null,
        null,
        1,
        null,
        1,
        1,
        null,
        null
      ],
      "/Users/kaiwen/repositories/SELT/selt18project-g006/app/helpers/application_helper.rb": [
        1,
        1,
        0,
        null,
        null
      ],
      "/Users/kaiwen/repositories/SELT/selt18project-g006/app/controllers/feedback_controller.rb": [
        1,
        1,
        null,
        null,
        1,
        0,
        0,
        0,
        0,
        0,
        null,
        0,
        0,
        0,
        null,
        null,
        null,
        1,
        1,
        0,
        null,
        null
      ],
      "/Users/kaiwen/repositories/SELT/selt18project-g006/app/controllers/application_controller.rb": [
        1,
        1,
        null,
        null,
        1,
        null,
        null,
        1,
        0,
        0,
        null,
        0,
        null,
        null,
        null,
        null,
        1,
        0,
        null,
        null
      ],
      "/Users/kaiwen/repositories/SELT/selt18project-g006/app/controllers/leaderboard_controller.rb": [
        null,
        null,
        1,
        null,
        1,
        2,
        null,
        null
      ],
      "/Users/kaiwen/repositories/SELT/selt18project-g006/app/controllers/questions_controller.rb": [
        null,
        null,
        1,
        null,
        1,
        5,
        0,
        null,
        5,
        4,
        null,
        5,
        5,
        0,
        0,
        0,
        0,
        0,
        null,
        null,
        5,
        4,
        4,
        1,
        1,
        null,
        null,
        5,
        5,
        null,
        0,
        null,
        5,
        3,
        2,
        1,
        1,
        null,
        0,
        null,
        1,
        1,
        1,
        null,
        0,
        0,
        null,
        null,
        1,
        null,
        5,
        1,
        1,
        null,
        5,
        5,
        5,
        5,
        5,
        null,
        null,
        null,
        1,
        null,
        null,
        null,
        1,
        10,
        10,
        10,
        10,
        6,
        42,
        7,
        null,
        null,
        6,
        1,
        null,
        5,
        null,
        6,
        null,
        4,
        4,
        3,
        3,
        null,
        1,
        1,
        null,
        null,
        10,
        null,
        null,
        null,
        1,
        8,
        8,
        8,
        8,
        23,
        1,
        1,
        null,
        7,
        7,
        2,
        1,
        1,
        null,
        2,
        null,
        5,
        1,
        1,
        null,
        5,
        null,
        7,
        null,
        null,
        null,
        1,
        1,
        1,
        1,
        1,
        null,
        null
      ],
      "/Users/kaiwen/repositories/SELT/selt18project-g006/app/models/feedback.rb": [
        1,
        1,
        null
      ],
      "/Users/kaiwen/repositories/SELT/selt18project-g006/app/models/leaderboard.rb": [
        null,
        null,
        1,
        null,
        1,
        2,
        2,
        2,
        4,
        4,
        null,
        2,
        null,
        null,
        null,
        null,
        null,
        null
      ],
      "/Users/kaiwen/repositories/SELT/selt18project-g006/app/models/question.rb": [
        null,
        null,
        1,
        1,
        1,
        1,
        1,
        1,
        1,
        1,
        1,
        null,
        1,
        2,
        2,
        2,
        2,
        2,
        2,
        2,
        2,
        null,
        null,
        1,
        2,
        2,
        2,
        2,
        2,
        1,
        null,
        1,
        null,
        2,
        null,
        null,
        1,
        6,
        6,
        2,
        4,
        2,
        null,
        2,
        null,
        null,
        null,
        1,
        6,
        6,
        1,
        1,
        1,
        1,
        1,
        null,
        null,
        null,
        null,
        1,
        1,
        1,
        1,
        1,
        1,
        null,
        null,
        null,
        null,
        null,
        null
      ],
      "/Users/kaiwen/repositories/SELT/selt18project-g006/app/controllers/welcome_controller.rb": [
        0,
        0,
        null,
        0,
        0,
        0,
        0,
        0,
        0,
        0
      ],
      "/Users/kaiwen/repositories/SELT/selt18project-g006/app/controllers/DeviseController/registrations_controller.rb": [
        null,
        null,
        0,
        0,
        0,
        0,
        null,
        null,
        null,
        null,
        null,
        null,
        null,
        null,
        null,
        null,
        null,
        null,
        null,
        null,
        null,
        null,
        null,
        null,
        null,
        null,
        null,
        null,
        null,
        null,
        null,
        null,
        null,
        null,
        null,
        null,
        null,
        null,
        null,
        null,
        null,
        null,
        null,
        null,
        null,
        null,
        null,
        null,
        null,
        null,
        null,
        null,
        null,
        null,
        null,
        null,
        null,
        null,
        null,
        null,
        null,
        null,
        null,
        null,
        null,
        0
      ]
    },
    "timestamp": 1544038142
  },
  "Cucumber Features": {
    "coverage": {
      "/Users/kaiwen/repositories/SELT/selt18project-g006/app/models/question.rb": [
        null,
        null,
        1,
        1,
        1,
        1,
        1,
        1,
        1,
        1,
        1,
        null,
        1,
        0,
        0,
        0,
        0,
        0,
        0,
        0,
        0,
        null,
        null,
        1,
        0,
        0,
        0,
        0,
        0,
        0,
        null,
        0,
        null,
        0,
        null,
        null,
        1,
        0,
        0,
        0,
        0,
        0,
        null,
        0,
        null,
        null,
        null,
        1,
        9,
        9,
        0,
        0,
        0,
        0,
        0,
        null,
        null,
        null,
        null,
        1,
        0,
        0,
        0,
        0,
        0,
        null,
        null,
        null,
        null,
        null,
        null
      ],
      "/Users/kaiwen/repositories/SELT/selt18project-g006/app/models/feedback.rb": [
        1,
        1,
        null
      ],
      "/Users/kaiwen/repositories/SELT/selt18project-g006/app/controllers/questions_controller.rb": [
        null,
        null,
        1,
        null,
        1,
        6,
        0,
        null,
        6,
        3,
        null,
        6,
        6,
        0,
        0,
        0,
        0,
        0,
        null,
        null,
        6,
        3,
        3,
        0,
        0,
        null,
        null,
        6,
        6,
        null,
        0,
        null,
        6,
        3,
        3,
        0,
        0,
        null,
        0,
        null,
        0,
        0,
        0,
        null,
        0,
        0,
        null,
        null,
        3,
        null,
        6,
        3,
        3,
        null,
        6,
        6,
        6,
        6,
        6,
        null,
        null,
        null,
        1,
        null,
        null,
        null,
        1,
        0,
        0,
        0,
        0,
        0,
        0,
        0,
        null,
        null,
        0,
        0,
        null,
        0,
        null,
        0,
        null,
        0,
        0,
        0,
        0,
        null,
        0,
        0,
        null,
        null,
        0,
        null,
        null,
        null,
        1,
        0,
        0,
        0,
        0,
        0,
        0,
        0,
        null,
        0,
        0,
        0,
        0,
        0,
        null,
        0,
        null,
        0,
        0,
        0,
        null,
        0,
        null,
        0,
        null,
        null,
        null,
        1,
        0,
        0,
        0,
        0,
        null,
        null
      ],
      "/Users/kaiwen/repositories/SELT/selt18project-g006/app/controllers/application_controller.rb": [
        1,
        1,
        null,
        null,
        1,
        null,
        null,
        1,
        3,
        0,
        null,
        3,
        null,
        null,
        null,
        null,
        1,
        7,
        null,
        null
      ],
      "/Users/kaiwen/repositories/SELT/selt18project-g006/app/helpers/application_helper.rb": [
        1,
        1,
        9,
        null,
        null
      ],
      "/Users/kaiwen/repositories/SELT/selt18project-g006/app/controllers/feedback_controller.rb": [
        1,
        1,
        null,
        null,
        1,
        0,
        0,
        0,
        0,
        0,
        null,
        0,
        0,
        0,
        null,
        null,
        null,
        1,
        3,
        9,
        null,
        null
      ],
      "/Users/kaiwen/repositories/SELT/selt18project-g006/app/controllers/welcome_controller.rb": [
        1,
        1,
        null,
        null,
        1,
        1,
        0,
        null,
        null,
        null
      ],
      "/Users/kaiwen/repositories/SELT/selt18project-g006/app/models/leaderboard.rb": [
        null,
        null,
        0,
        null,
        0,
        0,
        0,
        0,
        0,
        0,
        0,
        0,
        0,
        0,
        null,
        null,
        null,
        null
      ],
      "/Users/kaiwen/repositories/SELT/selt18project-g006/app/models/user.rb": [
        null,
        null,
        0,
        null,
        null,
        0,
        0,
        0,
        0,
        null,
        0
      ],
      "/Users/kaiwen/repositories/SELT/selt18project-g006/app/controllers/leaderboard_controller.rb": [
        null,
        null,
        0,
        null,
        0,
        0,
        0,
        0
      ],
      "/Users/kaiwen/repositories/SELT/selt18project-g006/app/controllers/DeviseController/registrations_controller.rb": [
        null,
        null,
        0,
        0,
        0,
        0,
        null,
        null,
        null,
        null,
        null,
        null,
        null,
        null,
        null,
        null,
        null,
        null,
        null,
        null,
        null,
        null,
        null,
        null,
        null,
        null,
        null,
        null,
        null,
        null,
        null,
        null,
        null,
        null,
        null,
        null,
        null,
        null,
        null,
        null,
        null,
        null,
        null,
        null,
        null,
        null,
        null,
        null,
        null,
        null,
        null,
        null,
        null,
        null,
        null,
        null,
        null,
        null,
        null,
        null,
        null,
        null,
        null,
        null,
        null,
        0
      ]
    },
    "timestamp": 1544055683
  }
}
